<?xml version="1.0" encoding="UTF-8"?>
<!-- Generated by org.testng.reporters.JUnitReportReporter -->
<testsuite skipped="0" hostname="DESKTOP-KOKAMRD" name="demo.Demo_C" tests="1" failures="0" timestamp="06 Jan 2020 06:24:04 GMT" time="24.127" errors="0">
  <testcase name="name" time="24.127" classname="demo.Demo_C"/>
</testsuite> <!-- demo.Demo_C -->
