<?xml version="1.0" encoding="UTF-8"?>
<!-- Generated by org.testng.reporters.JUnitReportReporter -->
<testsuite skipped="0" hostname="DESKTOP-KOKAMRD" name="freamework.Framework1" tests="1" failures="0" timestamp="07 Jan 2020 06:18:08 GMT" time="43.089" errors="0">
  <testcase name="tc1" time="43.089" classname="freamework.Framework1"/>
</testsuite> <!-- freamework.Framework1 -->
