<?xml version="1.0" encoding="UTF-8"?>
<!-- Generated by org.testng.reporters.JUnitReportReporter -->
<testsuite skipped="0" hostname="Sonu-PC" name="freamework.Framework1" tests="3" failures="0" timestamp="07 Jan 2020 21:11:58 GMT" time="43.307" errors="0">
  <testcase name="tc1" time="11.484" classname="freamework.Framework1"/>
  <testcase name="tc3" time="31.543" classname="freamework.Framework1"/>
  <testcase name="tc2" time="0.280" classname="freamework.Framework1"/>
</testsuite> <!-- freamework.Framework1 -->
