<?xml version="1.0" encoding="UTF-8"?>
<!-- Generated by org.testng.reporters.JUnitReportReporter -->
<testsuite skipped="0" hostname="Sonu-PC" name="freamework.Framework1" tests="1" failures="0" timestamp="06 Jan 2020 16:30:30 GMT" time="45.599" errors="0">
  <testcase name="tc1" time="45.599" classname="freamework.Framework1"/>
</testsuite> <!-- freamework.Framework1 -->
