<?xml version="1.0" encoding="UTF-8"?>
<!-- Generated by org.testng.reporters.JUnitReportReporter -->
<testsuite skipped="0" hostname="Sonu-PC" name="freamework.A" tests="5" failures="0" timestamp="07 Jan 2020 20:27:19 GMT" time="0.711" errors="0">
  <testcase name="tc4" time="0.406" classname="freamework.A"/>
  <testcase name="tc3" time="0.068" classname="freamework.A"/>
  <testcase name="tc5" time="0.068" classname="freamework.A"/>
  <testcase name="tc1" time="0.102" classname="freamework.A"/>
  <testcase name="tc2" time="0.067" classname="freamework.A"/>
</testsuite> <!-- freamework.A -->
