<?xml version="1.0" encoding="UTF-8"?>
<!-- Generated by org.testng.reporters.JUnitReportReporter -->
<testsuite skipped="0" hostname="DESKTOP-KOKAMRD" name="demo.Demo_C" tests="1" failures="0" timestamp="11 Jan 2020 07:03:12 GMT" time="25.333" errors="0">
  <testcase name="testcase" time="25.333" classname="demo.Demo_C"/>
</testsuite> <!-- demo.Demo_C -->
